<?xml version="1.0" encoding="UTF-8"?>
<!-- Generated by org.testng.reporters.JUnitXMLReporter -->
<testsuite hostname="DESKTOP-4UCBPCE" ignored="0" name="TC_EarlySalaryLogin" tests="2" failures="0" timestamp="17 May 2019 08:52:18 GMT" time="98.612" errors="0">
  <testcase name="VerifyLoginFailByWrongOTP" time="33.764" classname="EsPoc.EarlySalary.earlySalary.EarlySalaryTest"/>
  <testcase name="VerifyValidLogin" time="42.741" classname="EsPoc.EarlySalary.earlySalary.EarlySalaryTest"/>
</testsuite> <!-- TC_EarlySalaryLogin -->
