<?xml version="1.0" encoding="UTF-8"?>
<testng-results skipped="0" failed="0" ignored="0" total="1" passed="1">
  <reporter-output>
  </reporter-output>
  <suite name="Suite" duration-ms="118844" started-at="2021-05-13T02:45:07Z" finished-at="2021-05-13T02:47:06Z">
    <groups>
    </groups>
    <test name="Regression Suit" duration-ms="118844" started-at="2021-05-13T02:45:07Z" finished-at="2021-05-13T02:47:06Z">
      <class name="EsPoc.EarlySalary.BrokenLink.BrokenLinks">
        <test-method status="PASS" signature="setupTest()[pri:0, instance:EsPoc.EarlySalary.BrokenLink.BrokenLinks@4c9f8c13]" name="setupTest" is-config="true" duration-ms="126" started-at="2021-05-13T02:45:07Z" finished-at="2021-05-13T02:45:07Z">
          <reporter-output>
          </reporter-output>
        </test-method> <!-- setupTest -->
        <test-method status="PASS" signature="findBrokenLinks()[pri:0, instance:EsPoc.EarlySalary.BrokenLink.BrokenLinks@4c9f8c13]" name="findBrokenLinks" duration-ms="118795" started-at="2021-05-13T02:45:07Z" finished-at="2021-05-13T02:47:06Z">
          <reporter-output>
          </reporter-output>
        </test-method> <!-- findBrokenLinks -->
        <test-method status="PASS" signature="tearownTest()[pri:0, instance:EsPoc.EarlySalary.BrokenLink.BrokenLinks@4c9f8c13]" name="tearownTest" is-config="true" duration-ms="1" started-at="2021-05-13T02:47:06Z" finished-at="2021-05-13T02:47:06Z">
          <reporter-output>
          </reporter-output>
        </test-method> <!-- tearownTest -->
      </class> <!-- EsPoc.EarlySalary.BrokenLink.BrokenLinks -->
    </test> <!-- Regression Suit -->
  </suite> <!-- Suite -->
</testng-results>
