<?xml version="1.0" encoding="UTF-8"?>
<!-- Generated by org.testng.reporters.JUnitXMLReporter -->
<testsuite hostname="ES-PUN-LT-249" ignored="0" name="Test Suit" tests="5" failures="0" timestamp="04 Jun 2021 04:40:34 GMT" time="62.114" errors="0">
  <testcase name="verifyCityFromList" time="49.445" classname="Test.Assignment.Test.AssignmentTest"/>
  <testcase name="verifyCityAvailibility" time="4.562" classname="Test.Assignment.Test.AssignmentTest"/>
  <testcase name="verifyCityTemp" time="2.179" classname="Test.Assignment.Test.AssignmentTest"/>
  <testcase name="verifyAPIReturnTemp" time="5.856" classname="Test.Assignment.Test.AssignmentTest"/>
  <testcase name="verifyDifference" time="0.001" classname="Test.Assignment.Test.AssignmentTest"/>
</testsuite> <!-- Test Suit -->
